<?xml version="1.0" encoding="UTF-8"?>
<!-- Generated by org.testng.reporters.JUnitXMLReporter -->
<testsuite ignored="8" hostname="Sagar" failures="0" tests="5" name="Surefire test" time="50.709" errors="0" timestamp="2025-10-29T11:57:29 IST">
  <testcase classname="testNG.CreateCampaignTest" name="createCampaignWithAllFields" time="4.502"/>
  <testcase classname="testNG.CreateCampaignTest" name="createCampaignWithMandatoryDetails" time="2.9"/>
  <testcase classname="testNG.CreateCampaignTest" name="createCampaignWithExpectedCloseDate" time="3.14"/>
  <testcase classname="testNG.CreateContactTest" name="createContactWithMandatoryDetails" time="4.145"/>
  <testcase classname="testNG.CreateProductTest" name="createProductWithMandatoryDetails" time="2.82"/>
  <testcase classname="com.comcast.crm.geniricUtility.BaseClass" name="@BeforeSuite beforeSuite" time="0.0">
    <ignored/>
  </testcase> <!-- @BeforeSuite beforeSuite -->
  <testcase classname="com.comcast.crm.geniricUtility.BaseClass" name="@AfterTest afterTest" time="0.0">
    <ignored/>
  </testcase> <!-- @AfterTest afterTest -->
  <testcase classname="com.comcast.crm.geniricUtility.BaseClass" name="@BeforeTest beforeTest" time="0.0">
    <ignored/>
  </testcase> <!-- @BeforeTest beforeTest -->
  <testcase classname="com.comcast.crm.geniricUtility.BaseClass" name="@AfterSuite afterSuite" time="0.0">
    <ignored/>
  </testcase> <!-- @AfterSuite afterSuite -->
  <testcase classname="com.comcast.crm.geniricUtility.BaseClass" name="@BeforeSuite beforeSuite" time="0.0">
    <ignored/>
  </testcase> <!-- @BeforeSuite beforeSuite -->
  <testcase classname="com.comcast.crm.geniricUtility.BaseClass" name="@AfterTest afterTest" time="0.0">
    <ignored/>
  </testcase> <!-- @AfterTest afterTest -->
  <testcase classname="com.comcast.crm.geniricUtility.BaseClass" name="@BeforeTest beforeTest" time="0.0">
    <ignored/>
  </testcase> <!-- @BeforeTest beforeTest -->
  <testcase classname="com.comcast.crm.geniricUtility.BaseClass" name="@AfterSuite afterSuite" time="0.0">
    <ignored/>
  </testcase> <!-- @AfterSuite afterSuite -->
</testsuite> <!-- Surefire test -->
