<?xml version="1.0" encoding="UTF-8"?>
<!-- Generated by org.testng.reporters.JUnitXMLReporter -->
<testsuite ignored="0" hostname="Sagar" failures="0" tests="3" name="Test1" time="27.881" errors="0" timestamp="2025-10-24T15:47:28 IST">
  <testcase classname="testNG.CreateCampaignTest" name="createCampaignWithAllFields" time="5.756"/>
  <testcase classname="testNG.CreateCampaignTest" name="createCampaignWithMandatoryDetails" time="3.045"/>
  <testcase classname="testNG.CreateCampaignTest" name="createCampaignWithExpectedCloseDate" time="2.811"/>
</testsuite> <!-- Test1 -->
