<?xml version="1.0" encoding="UTF-8"?>
<!-- Generated by org.testng.reporters.JUnitXMLReporter -->
<testsuite ignored="12" hostname="Sagar" failures="0" tests="1" name="Test" time="12.25" errors="0" timestamp="2025-10-27T15:27:30 IST">
  <testcase classname="testNG.CreateCampaignTest" name="createCampaignWithExpectedCloseDate" time="5.036"/>
  <testcase classname="com.comcast.crm.geniricUtility.BaseClass" name="@AfterSuite afterSuite" time="0.0">
    <ignored/>
  </testcase> <!-- @AfterSuite afterSuite -->
  <testcase classname="com.comcast.crm.geniricUtility.BaseClass" name="@BeforeTest beforeTest" time="0.0">
    <ignored/>
  </testcase> <!-- @BeforeTest beforeTest -->
  <testcase classname="com.comcast.crm.geniricUtility.BaseClass" name="@AfterSuite afterSuite" time="0.0">
    <ignored/>
  </testcase> <!-- @AfterSuite afterSuite -->
  <testcase classname="com.comcast.crm.geniricUtility.BaseClass" name="@BeforeSuite beforeSuite" time="0.0">
    <ignored/>
  </testcase> <!-- @BeforeSuite beforeSuite -->
  <testcase classname="com.comcast.crm.geniricUtility.BaseClass" name="@AfterTest afterTest" time="0.0">
    <ignored/>
  </testcase> <!-- @AfterTest afterTest -->
  <testcase classname="testNG.CreateCampaignTest" name="createCampaignWithAllFields" time="0.0">
    <ignored/>
  </testcase> <!-- createCampaignWithAllFields -->
  <testcase classname="com.comcast.crm.geniricUtility.BaseClass" name="@AfterTest afterTest" time="0.0">
    <ignored/>
  </testcase> <!-- @AfterTest afterTest -->
  <testcase classname="testNG.CreateCampaignTest" name="createCampaignWithMandatoryDetails" time="0.0">
    <ignored/>
  </testcase> <!-- createCampaignWithMandatoryDetails -->
  <testcase classname="com.comcast.crm.geniricUtility.BaseClass" name="@BeforeSuite beforeSuite" time="0.0">
    <ignored/>
  </testcase> <!-- @BeforeSuite beforeSuite -->
  <testcase classname="com.comcast.crm.geniricUtility.BaseClass" name="@BeforeTest beforeTest" time="0.0">
    <ignored/>
  </testcase> <!-- @BeforeTest beforeTest -->
  <testcase classname="testNG.CreateContactTest" name="createContactWithMandatoryDetails" time="0.0">
    <ignored/>
  </testcase> <!-- createContactWithMandatoryDetails -->
  <testcase classname="testNG.CreateProductTest" name="createProductWithMandatoryDetails" time="0.0">
    <ignored/>
  </testcase> <!-- createProductWithMandatoryDetails -->
</testsuite> <!-- Test -->
