<?xml version="1.0" encoding="UTF-8"?>
<!-- Generated by org.testng.reporters.JUnitXMLReporter -->
<testsuite ignored="10" hostname="Sagar" failures="0" tests="3" name="Test" time="28.624" errors="0" timestamp="2025-10-29T12:07:36 IST">
  <testcase classname="testNG.CreateCampaignTest" name="createCampaignWithMandatoryDetails" time="3.924"/>
  <testcase classname="testNG.CreateProductTest" name="createProductWithMandatoryDetails" time="2.258"/>
  <testcase classname="testNG.CreateContactTest" name="createContactWithMandatoryDetails" time="3.65"/>
  <testcase classname="com.comcast.crm.geniricUtility.BaseClass" name="@AfterSuite afterSuite" time="0.0">
    <ignored/>
  </testcase> <!-- @AfterSuite afterSuite -->
  <testcase classname="com.comcast.crm.geniricUtility.BaseClass" name="@BeforeTest beforeTest" time="0.0">
    <ignored/>
  </testcase> <!-- @BeforeTest beforeTest -->
  <testcase classname="com.comcast.crm.geniricUtility.BaseClass" name="@AfterSuite afterSuite" time="0.0">
    <ignored/>
  </testcase> <!-- @AfterSuite afterSuite -->
  <testcase classname="com.comcast.crm.geniricUtility.BaseClass" name="@BeforeSuite beforeSuite" time="0.0">
    <ignored/>
  </testcase> <!-- @BeforeSuite beforeSuite -->
  <testcase classname="com.comcast.crm.geniricUtility.BaseClass" name="@AfterTest afterTest" time="0.0">
    <ignored/>
  </testcase> <!-- @AfterTest afterTest -->
  <testcase classname="testNG.CreateCampaignTest" name="createCampaignWithAllFields" time="0.0">
    <ignored/>
  </testcase> <!-- createCampaignWithAllFields -->
  <testcase classname="com.comcast.crm.geniricUtility.BaseClass" name="@AfterTest afterTest" time="0.0">
    <ignored/>
  </testcase> <!-- @AfterTest afterTest -->
  <testcase classname="com.comcast.crm.geniricUtility.BaseClass" name="@BeforeSuite beforeSuite" time="0.0">
    <ignored/>
  </testcase> <!-- @BeforeSuite beforeSuite -->
  <testcase classname="com.comcast.crm.geniricUtility.BaseClass" name="@BeforeTest beforeTest" time="0.0">
    <ignored/>
  </testcase> <!-- @BeforeTest beforeTest -->
  <testcase classname="testNG.CreateCampaignTest" name="createCampaignWithExpectedCloseDate" time="0.0">
    <ignored/>
  </testcase> <!-- createCampaignWithExpectedCloseDate -->
</testsuite> <!-- Test -->
