<?xml version="1.0" encoding="UTF-8"?>
<testsuite xmlns:xsi="http://www.w3.org/2001/XMLSchema-instance" xsi:noNamespaceSchemaLocation="https://maven.apache.org/surefire/maven-surefire-plugin/xsd/surefire-test-report-3.0.xsd" version="3.0" name="TestSuite" time="64.08" tests="5" errors="0" skipped="0" failures="0">
  <properties>
[...]
</properties>
  <testcase name="createCampaignWithAllFields" classname="testNG.CreateCampaignTest" time="5.144">
    <system-out><![CDATA[Report Configuration
Establisihing DataBase connection
Pre-Conditions
Launched Browser
Login Done
Campaign FaceBook Successfully Added
]]></system-out>
    <system-err><![CDATA[SLF4J(W): No SLF4J providers were found.
SLF4J(W): Defaulting to no-operation (NOP) logger implementation
SLF4J(W): See https://www.slf4j.org/codes.html#noProviders for further details.
Oct 29, 2025 12:20:37 PM org.openqa.selenium.devtools.CdpVersionFinder findNearestMatch
WARNING: Unable to find an exact match for CDP version 141, returning the closest version; found: 138; Please update to a Selenium version that supports CDP version 141
]]></system-err>
  </testcase>
  <testcase name="createCampaignWithMandatoryDetails" classname="testNG.CreateCampaignTest" time="4.158">
    <system-out><![CDATA[Logout done
Login Done
Campaign FaceBook Successfully Added
]]></system-out>
  </testcase>
  <testcase name="createCampaignWithExpectedCloseDate" classname="testNG.CreateCampaignTest" time="6.739">
    <system-out><![CDATA[Logout done
Login Done
Campaign FaceBook Successfully Added
]]></system-out>
  </testcase>
  <testcase name="createContactWithMandatoryDetails" classname="testNG.CreateContactTest" time="3.97">
    <system-out><![CDATA[Logout done
closing browser
Launched Browser
Login Done
Ninza CRM
Select Campaign
Contact Hari Successfully Added
]]></system-out>
    <system-err><![CDATA[Oct 29, 2025 12:21:17 PM org.openqa.selenium.devtools.CdpVersionFinder findNearestMatch
WARNING: Unable to find an exact match for CDP version 141, returning the closest version; found: 138; Please update to a Selenium version that supports CDP version 141
]]></system-err>
  </testcase>
  <testcase name="createProductWithMandatoryDetails" classname="testNG.CreateProductTest" time="2.729">
    <system-out><![CDATA[Logout done
closing browser
Launched Browser
Login Done
Product Mobiles19 Successfully Added
]]></system-out>
    <system-err><![CDATA[Oct 29, 2025 12:21:30 PM org.openqa.selenium.devtools.CdpVersionFinder findNearestMatch
WARNING: Unable to find an exact match for CDP version 141, returning the closest version; found: 138; Please update to a Selenium version that supports CDP version 141
]]></system-err>
  </testcase>
</testsuite>