<?xml version="1.0" encoding="UTF-8"?>
<testng-results ignored="0" total="5" passed="5" failed="0" skipped="0">
  <reporter-output>
    <line>
      <![CDATA[Report Configuration]]>
    </line>
    <line>
      <![CDATA[Establisihing DataBase connection]]>
    </line>
    <line>
      <![CDATA[Pre-Conditions]]>
    </line>
    <line>
      <![CDATA[Launched Browser]]>
    </line>
    <line>
      <![CDATA[Login Done]]>
    </line>
    <line>
      <![CDATA[Logout done]]>
    </line>
    <line>
      <![CDATA[Login Done]]>
    </line>
    <line>
      <![CDATA[Logout done]]>
    </line>
    <line>
      <![CDATA[Login Done]]>
    </line>
    <line>
      <![CDATA[Logout done]]>
    </line>
    <line>
      <![CDATA[closing browser]]>
    </line>
    <line>
      <![CDATA[Launched Browser]]>
    </line>
    <line>
      <![CDATA[Login Done]]>
    </line>
    <line>
      <![CDATA[Logout done]]>
    </line>
    <line>
      <![CDATA[closing browser]]>
    </line>
    <line>
      <![CDATA[Launched Browser]]>
    </line>
    <line>
      <![CDATA[Login Done]]>
    </line>
    <line>
      <![CDATA[Logout done]]>
    </line>
    <line>
      <![CDATA[closing browser]]>
    </line>
    <line>
      <![CDATA[Post Conditions]]>
    </line>
    <line>
      <![CDATA[Disconnect DB]]>
    </line>
  </reporter-output>
  <suite started-at="2025-10-30T15:07:14 IST" name="Surefire suite" finished-at="2025-10-30T15:08:09 IST" duration-ms="55462">
    <groups>
      <group name="regression">
        <method signature="CreateCampaignTest.createCampaignWithMandatoryDetails()[pri:0, instance:testNG.CreateCampaignTest@5c30a9b0]" name="createCampaignWithMandatoryDetails" class="testNG.CreateCampaignTest"/>
        <method signature="CreateCampaignTest.createCampaignWithExpectedCloseDate()[pri:1, instance:testNG.CreateCampaignTest@5c30a9b0]" name="createCampaignWithExpectedCloseDate" class="testNG.CreateCampaignTest"/>
      </group> <!-- regression -->
      <group name="smoke">
        <method signature="CreateContactTest.createContactWithMandatoryDetails()[pri:0, instance:testNG.CreateContactTest@636be97c]" name="createContactWithMandatoryDetails" class="testNG.CreateContactTest"/>
        <method signature="CreateProductTest.createProductWithMandatoryDetails()[pri:0, instance:testNG.CreateProductTest@50a638b5]" name="createProductWithMandatoryDetails" class="testNG.CreateProductTest"/>
      </group> <!-- smoke -->
    </groups>
    <test started-at="2025-10-30T15:07:14 IST" name="Surefire test" finished-at="2025-10-30T15:08:09 IST" duration-ms="55462">
      <class name="testNG.CreateContactTest">
        <test-method is-config="true" signature="beforeClass()[pri:0, instance:testNG.CreateContactTest@636be97c]" started-at="2025-10-30T15:07:46 IST" name="beforeClass" finished-at="2025-10-30T15:07:48 IST" duration-ms="1845" status="PASS">
          <reporter-output>
            <line>
              <![CDATA[Launched Browser]]>
            </line>
          </reporter-output>
        </test-method> <!-- beforeClass -->
        <test-method is-config="true" signature="beforeMethod()[pri:0, instance:testNG.CreateContactTest@636be97c]" started-at="2025-10-30T15:07:48 IST" name="beforeMethod" finished-at="2025-10-30T15:07:50 IST" duration-ms="1340" status="PASS">
          <reporter-output>
            <line>
              <![CDATA[Login Done]]>
            </line>
          </reporter-output>
        </test-method> <!-- beforeMethod -->
        <test-method signature="createContactWithMandatoryDetails()[pri:0, instance:testNG.CreateContactTest@636be97c]" started-at="2025-10-30T15:07:50 IST" name="createContactWithMandatoryDetails" finished-at="2025-10-30T15:07:56 IST" duration-ms="6845" status="PASS">
          <reporter-output>
          </reporter-output>
        </test-method> <!-- createContactWithMandatoryDetails -->
        <test-method is-config="true" signature="afterMethod()[pri:0, instance:testNG.CreateContactTest@636be97c]" started-at="2025-10-30T15:07:56 IST" name="afterMethod" finished-at="2025-10-30T15:07:58 IST" duration-ms="1723" status="PASS">
          <reporter-output>
            <line>
              <![CDATA[Logout done]]>
            </line>
          </reporter-output>
        </test-method> <!-- afterMethod -->
        <test-method is-config="true" signature="AfterClass()[pri:0, instance:testNG.CreateContactTest@636be97c]" started-at="2025-10-30T15:07:58 IST" name="AfterClass" finished-at="2025-10-30T15:07:59 IST" duration-ms="365" status="PASS">
          <reporter-output>
            <line>
              <![CDATA[closing browser]]>
            </line>
          </reporter-output>
        </test-method> <!-- AfterClass -->
      </class> <!-- testNG.CreateContactTest -->
      <class name="testNG.CreateCampaignTest">
        <test-method is-config="true" signature="beforeSuite()[pri:0, instance:testNG.CreateCampaignTest@5c30a9b0]" started-at="2025-10-30T15:07:14 IST" name="beforeSuite" finished-at="2025-10-30T15:07:14 IST" duration-ms="20" status="PASS">
          <reporter-output>
            <line>
              <![CDATA[Establisihing DataBase connection]]>
            </line>
          </reporter-output>
        </test-method> <!-- beforeSuite -->
        <test-method is-config="true" signature="beforeTest()[pri:0, instance:testNG.CreateCampaignTest@5c30a9b0]" started-at="2025-10-30T15:07:14 IST" name="beforeTest" finished-at="2025-10-30T15:07:14 IST" duration-ms="0" status="PASS">
          <reporter-output>
            <line>
              <![CDATA[Pre-Conditions]]>
            </line>
          </reporter-output>
        </test-method> <!-- beforeTest -->
        <test-method is-config="true" signature="beforeClass()[pri:0, instance:testNG.CreateCampaignTest@5c30a9b0]" started-at="2025-10-30T15:07:14 IST" name="beforeClass" finished-at="2025-10-30T15:07:17 IST" duration-ms="3425" status="PASS">
          <reporter-output>
            <line>
              <![CDATA[Launched Browser]]>
            </line>
          </reporter-output>
        </test-method> <!-- beforeClass -->
        <test-method is-config="true" signature="beforeMethod()[pri:0, instance:testNG.CreateCampaignTest@5c30a9b0]" started-at="2025-10-30T15:07:18 IST" name="beforeMethod" finished-at="2025-10-30T15:07:20 IST" duration-ms="2847" status="PASS">
          <reporter-output>
            <line>
              <![CDATA[Login Done]]>
            </line>
          </reporter-output>
        </test-method> <!-- beforeMethod -->
        <test-method signature="createCampaignWithAllFields()[pri:0, instance:testNG.CreateCampaignTest@5c30a9b0]" started-at="2025-10-30T15:07:20 IST" name="createCampaignWithAllFields" finished-at="2025-10-30T15:07:27 IST" duration-ms="6917" status="PASS">
          <reporter-output>
          </reporter-output>
        </test-method> <!-- createCampaignWithAllFields -->
        <test-method is-config="true" signature="afterMethod()[pri:0, instance:testNG.CreateCampaignTest@5c30a9b0]" started-at="2025-10-30T15:07:27 IST" name="afterMethod" finished-at="2025-10-30T15:07:29 IST" duration-ms="1657" status="PASS">
          <reporter-output>
            <line>
              <![CDATA[Logout done]]>
            </line>
          </reporter-output>
        </test-method> <!-- afterMethod -->
        <test-method is-config="true" signature="beforeMethod()[pri:0, instance:testNG.CreateCampaignTest@5c30a9b0]" started-at="2025-10-30T15:07:29 IST" name="beforeMethod" finished-at="2025-10-30T15:07:30 IST" duration-ms="769" status="PASS">
          <reporter-output>
            <line>
              <![CDATA[Login Done]]>
            </line>
          </reporter-output>
        </test-method> <!-- beforeMethod -->
        <test-method signature="createCampaignWithMandatoryDetails()[pri:0, instance:testNG.CreateCampaignTest@5c30a9b0]" started-at="2025-10-30T15:07:30 IST" name="createCampaignWithMandatoryDetails" finished-at="2025-10-30T15:07:36 IST" duration-ms="5748" status="PASS">
          <reporter-output>
          </reporter-output>
        </test-method> <!-- createCampaignWithMandatoryDetails -->
        <test-method is-config="true" signature="afterMethod()[pri:0, instance:testNG.CreateCampaignTest@5c30a9b0]" started-at="2025-10-30T15:07:36 IST" name="afterMethod" finished-at="2025-10-30T15:07:37 IST" duration-ms="1606" status="PASS">
          <reporter-output>
            <line>
              <![CDATA[Logout done]]>
            </line>
          </reporter-output>
        </test-method> <!-- afterMethod -->
        <test-method is-config="true" signature="beforeMethod()[pri:0, instance:testNG.CreateCampaignTest@5c30a9b0]" started-at="2025-10-30T15:07:37 IST" name="beforeMethod" finished-at="2025-10-30T15:07:38 IST" duration-ms="1031" status="PASS">
          <reporter-output>
            <line>
              <![CDATA[Login Done]]>
            </line>
          </reporter-output>
        </test-method> <!-- beforeMethod -->
        <test-method signature="createCampaignWithExpectedCloseDate()[pri:1, instance:testNG.CreateCampaignTest@5c30a9b0]" started-at="2025-10-30T15:07:38 IST" name="createCampaignWithExpectedCloseDate" finished-at="2025-10-30T15:07:44 IST" duration-ms="6108" status="PASS">
          <reporter-output>
          </reporter-output>
        </test-method> <!-- createCampaignWithExpectedCloseDate -->
        <test-method is-config="true" signature="afterMethod()[pri:0, instance:testNG.CreateCampaignTest@5c30a9b0]" started-at="2025-10-30T15:07:44 IST" name="afterMethod" finished-at="2025-10-30T15:07:46 IST" duration-ms="1708" status="PASS">
          <reporter-output>
            <line>
              <![CDATA[Logout done]]>
            </line>
          </reporter-output>
        </test-method> <!-- afterMethod -->
        <test-method is-config="true" signature="AfterClass()[pri:0, instance:testNG.CreateCampaignTest@5c30a9b0]" started-at="2025-10-30T15:07:46 IST" name="AfterClass" finished-at="2025-10-30T15:07:46 IST" duration-ms="412" status="PASS">
          <reporter-output>
            <line>
              <![CDATA[closing browser]]>
            </line>
          </reporter-output>
        </test-method> <!-- AfterClass -->
        <test-method is-config="true" signature="afterTest()[pri:0, instance:testNG.CreateCampaignTest@5c30a9b0]" started-at="2025-10-30T15:08:09 IST" name="afterTest" finished-at="2025-10-30T15:08:09 IST" duration-ms="0" status="PASS">
          <reporter-output>
            <line>
              <![CDATA[Post Conditions]]>
            </line>
          </reporter-output>
        </test-method> <!-- afterTest -->
        <test-method is-config="true" signature="afterSuite()[pri:0, instance:testNG.CreateCampaignTest@5c30a9b0]" started-at="2025-10-30T15:08:10 IST" name="afterSuite" finished-at="2025-10-30T15:08:10 IST" duration-ms="0" status="PASS">
          <reporter-output>
            <line>
              <![CDATA[Disconnect DB]]>
            </line>
          </reporter-output>
        </test-method> <!-- afterSuite -->
      </class> <!-- testNG.CreateCampaignTest -->
      <class name="testNG.CreateProductTest">
        <test-method is-config="true" signature="beforeClass()[pri:0, instance:testNG.CreateProductTest@50a638b5]" started-at="2025-10-30T15:07:59 IST" name="beforeClass" finished-at="2025-10-30T15:08:00 IST" duration-ms="1418" status="PASS">
          <reporter-output>
            <line>
              <![CDATA[Launched Browser]]>
            </line>
          </reporter-output>
        </test-method> <!-- beforeClass -->
        <test-method is-config="true" signature="beforeMethod()[pri:0, instance:testNG.CreateProductTest@50a638b5]" started-at="2025-10-30T15:08:00 IST" name="beforeMethod" finished-at="2025-10-30T15:08:01 IST" duration-ms="1222" status="PASS">
          <reporter-output>
            <line>
              <![CDATA[Login Done]]>
            </line>
          </reporter-output>
        </test-method> <!-- beforeMethod -->
        <test-method signature="createProductWithMandatoryDetails()[pri:0, instance:testNG.CreateProductTest@50a638b5]" started-at="2025-10-30T15:08:01 IST" name="createProductWithMandatoryDetails" finished-at="2025-10-30T15:08:07 IST" duration-ms="6157" status="PASS">
          <reporter-output>
          </reporter-output>
        </test-method> <!-- createProductWithMandatoryDetails -->
        <test-method is-config="true" signature="afterMethod()[pri:0, instance:testNG.CreateProductTest@50a638b5]" started-at="2025-10-30T15:08:07 IST" name="afterMethod" finished-at="2025-10-30T15:08:09 IST" duration-ms="1767" status="PASS">
          <reporter-output>
            <line>
              <![CDATA[Logout done]]>
            </line>
          </reporter-output>
        </test-method> <!-- afterMethod -->
        <test-method is-config="true" signature="AfterClass()[pri:0, instance:testNG.CreateProductTest@50a638b5]" started-at="2025-10-30T15:08:09 IST" name="AfterClass" finished-at="2025-10-30T15:08:09 IST" duration-ms="371" status="PASS">
          <reporter-output>
            <line>
              <![CDATA[closing browser]]>
            </line>
          </reporter-output>
        </test-method> <!-- AfterClass -->
      </class> <!-- testNG.CreateProductTest -->
    </test> <!-- Surefire test -->
  </suite> <!-- Surefire suite -->
</testng-results>
