<?xml version="1.0" encoding="UTF-8"?>
<testsuite xmlns:xsi="http://www.w3.org/2001/XMLSchema-instance" xsi:noNamespaceSchemaLocation="https://maven.apache.org/surefire/maven-surefire-plugin/xsd/surefire-test-report-3.0.xsd" version="3.0" name="TestSuite" time="62.496" tests="5" errors="0" skipped="0" failures="0">
  <properties>
[...]
</properties>
  <testcase name="createCampaignWithAllFields" classname="testNG.CreateCampaignTest" time="5.232">
    <system-out><![CDATA[Report Configuration
Establisihing DataBase connection
Pre-Conditions
Launched Browser
Login Done
Campaign FaceBook Successfully Added
]]></system-out>
    <system-err><![CDATA[SLF4J(W): No SLF4J providers were found.
SLF4J(W): Defaulting to no-operation (NOP) logger implementation
SLF4J(W): See https://www.slf4j.org/codes.html#noProviders for further details.
Oct 27, 2025 3:49:46 PM org.openqa.selenium.manager.SeleniumManager lambda$runCommand$1
WARNING: There was an error managing msedgedriver (error sending request for url (https://msedgedriver.azureedge.net/LATEST_RELEASE_141_WINDOWS)); using driver found in the cache
Oct 27, 2025 3:49:48 PM org.openqa.selenium.devtools.CdpVersionFinder findNearestMatch
WARNING: Unable to find CDP implementation matching 141
Oct 27, 2025 3:49:48 PM org.openqa.selenium.chromium.ChromiumDriver lambda$new$5
WARNING: Unable to find version of CDP to use for 141.0.3537.99. You may need to include a dependency on a specific version of the CDP using something similar to `org.seleniumhq.selenium:selenium-devtools-v86:4.27.0` where the version ("v86") matches the version of the chromium-based browser you're using and the version number of the artifact is the same as Selenium's.
]]></system-err>
  </testcase>
  <testcase name="createCampaignWithMandatoryDetails" classname="testNG.CreateCampaignTest" time="4.587">
    <system-out><![CDATA[Logout done
Login Done
Campaign FaceBook Successfully Added
]]></system-out>
  </testcase>
  <testcase name="createCampaignWithExpectedCloseDate" classname="testNG.CreateCampaignTest" time="4.261">
    <system-out><![CDATA[Logout done
Login Done
Campaign FaceBook Successfully Added
]]></system-out>
  </testcase>
  <testcase name="createContactWithMandatoryDetails" classname="testNG.CreateContactTest" time="6.073">
    <system-out><![CDATA[Logout done
closing browser
Launched Browser
Login Done
Ninza CRM
Select Campaign
Contact Hari Successfully Added
]]></system-out>
    <system-err><![CDATA[Oct 27, 2025 3:50:24 PM org.openqa.selenium.manager.SeleniumManager lambda$runCommand$1
WARNING: There was an error managing msedgedriver (error sending request for url (https://msedgedriver.azureedge.net/LATEST_RELEASE_141_WINDOWS)); using driver found in the cache
Oct 27, 2025 3:50:26 PM org.openqa.selenium.devtools.CdpVersionFinder findNearestMatch
WARNING: Unable to find CDP implementation matching 141
Oct 27, 2025 3:50:26 PM org.openqa.selenium.chromium.ChromiumDriver lambda$new$5
WARNING: Unable to find version of CDP to use for 141.0.3537.99. You may need to include a dependency on a specific version of the CDP using something similar to `org.seleniumhq.selenium:selenium-devtools-v86:4.27.0` where the version ("v86") matches the version of the chromium-based browser you're using and the version number of the artifact is the same as Selenium's.
]]></system-err>
  </testcase>
  <testcase name="createProductWithMandatoryDetails" classname="testNG.CreateProductTest" time="3.759">
    <system-out><![CDATA[Logout done
closing browser
Launched Browser
Login Done
Product Mobiles31 Successfully Added
]]></system-out>
    <system-err><![CDATA[Oct 27, 2025 3:50:36 PM org.openqa.selenium.manager.SeleniumManager lambda$runCommand$1
WARNING: There was an error managing msedgedriver (error sending request for url (https://msedgedriver.azureedge.net/LATEST_RELEASE_141_WINDOWS)); using driver found in the cache
Oct 27, 2025 3:50:38 PM org.openqa.selenium.devtools.CdpVersionFinder findNearestMatch
WARNING: Unable to find CDP implementation matching 141
Oct 27, 2025 3:50:38 PM org.openqa.selenium.chromium.ChromiumDriver lambda$new$5
WARNING: Unable to find version of CDP to use for 141.0.3537.99. You may need to include a dependency on a specific version of the CDP using something similar to `org.seleniumhq.selenium:selenium-devtools-v86:4.27.0` where the version ("v86") matches the version of the chromium-based browser you're using and the version number of the artifact is the same as Selenium's.
]]></system-err>
  </testcase>
</testsuite>