<?xml version="1.0" encoding="UTF-8"?>
<testng-results ignored="0" total="1" passed="1" failed="0" skipped="0">
  <reporter-output>
    <line>
      <![CDATA[Report Configuration]]>
    </line>
    <line>
      <![CDATA[Establisihing DataBase connection]]>
    </line>
    <line>
      <![CDATA[Pre-Conditions]]>
    </line>
    <line>
      <![CDATA[Launched Browser]]>
    </line>
    <line>
      <![CDATA[Login Done]]>
    </line>
    <line>
      <![CDATA[Logout done]]>
    </line>
    <line>
      <![CDATA[closing browser]]>
    </line>
    <line>
      <![CDATA[Post Conditions]]>
    </line>
    <line>
      <![CDATA[Disconnect DB]]>
    </line>
  </reporter-output>
  <suite started-at="2025-10-28T15:48:19 IST" name="Default suite" finished-at="2025-10-28T15:48:29 IST" duration-ms="10265">
    <groups>
      <group name="smoke">
        <method signature="CreateProductTest.createProductWithMandatoryDetails()[pri:0, instance:testNG.CreateProductTest@41a2befb]" name="createProductWithMandatoryDetails" class="testNG.CreateProductTest"/>
      </group> <!-- smoke -->
    </groups>
    <test started-at="2025-10-28T15:48:19 IST" name="Default test" finished-at="2025-10-28T15:48:29 IST" duration-ms="10265">
      <class name="testNG.CreateProductTest">
        <test-method is-config="true" signature="beforeSuite()[pri:0, instance:testNG.CreateProductTest@41a2befb]" started-at="2025-10-28T15:48:19 IST" name="beforeSuite" finished-at="2025-10-28T15:48:19 IST" duration-ms="17" status="PASS">
          <reporter-output>
            <line>
              <![CDATA[Establisihing DataBase connection]]>
            </line>
          </reporter-output>
        </test-method> <!-- beforeSuite -->
        <test-method is-config="true" signature="beforeTest()[pri:0, instance:testNG.CreateProductTest@41a2befb]" started-at="2025-10-28T15:48:19 IST" name="beforeTest" finished-at="2025-10-28T15:48:19 IST" duration-ms="1" status="PASS">
          <reporter-output>
            <line>
              <![CDATA[Pre-Conditions]]>
            </line>
          </reporter-output>
        </test-method> <!-- beforeTest -->
        <test-method is-config="true" signature="beforeClass()[pri:0, instance:testNG.CreateProductTest@41a2befb]" started-at="2025-10-28T15:48:19 IST" name="beforeClass" finished-at="2025-10-28T15:48:21 IST" duration-ms="2704" status="PASS">
          <reporter-output>
            <line>
              <![CDATA[Launched Browser]]>
            </line>
          </reporter-output>
        </test-method> <!-- beforeClass -->
        <test-method is-config="true" signature="beforeMethod()[pri:0, instance:testNG.CreateProductTest@41a2befb]" started-at="2025-10-28T15:48:21 IST" name="beforeMethod" finished-at="2025-10-28T15:48:23 IST" duration-ms="1330" status="PASS">
          <reporter-output>
            <line>
              <![CDATA[Login Done]]>
            </line>
          </reporter-output>
        </test-method> <!-- beforeMethod -->
        <test-method signature="createProductWithMandatoryDetails()[pri:0, instance:testNG.CreateProductTest@41a2befb]" started-at="2025-10-28T15:48:23 IST" name="createProductWithMandatoryDetails" finished-at="2025-10-28T15:48:27 IST" duration-ms="3956" status="PASS">
          <reporter-output>
          </reporter-output>
        </test-method> <!-- createProductWithMandatoryDetails -->
        <test-method is-config="true" signature="afterMethod()[pri:0, instance:testNG.CreateProductTest@41a2befb]" started-at="2025-10-28T15:48:27 IST" name="afterMethod" finished-at="2025-10-28T15:48:28 IST" duration-ms="1681" status="PASS">
          <reporter-output>
            <line>
              <![CDATA[Logout done]]>
            </line>
          </reporter-output>
        </test-method> <!-- afterMethod -->
        <test-method is-config="true" signature="AfterClass()[pri:0, instance:testNG.CreateProductTest@41a2befb]" started-at="2025-10-28T15:48:28 IST" name="AfterClass" finished-at="2025-10-28T15:48:29 IST" duration-ms="499" status="PASS">
          <reporter-output>
            <line>
              <![CDATA[closing browser]]>
            </line>
          </reporter-output>
        </test-method> <!-- AfterClass -->
        <test-method is-config="true" signature="afterTest()[pri:0, instance:testNG.CreateProductTest@41a2befb]" started-at="2025-10-28T15:48:29 IST" name="afterTest" finished-at="2025-10-28T15:48:29 IST" duration-ms="1" status="PASS">
          <reporter-output>
            <line>
              <![CDATA[Post Conditions]]>
            </line>
          </reporter-output>
        </test-method> <!-- afterTest -->
        <test-method is-config="true" signature="afterSuite()[pri:0, instance:testNG.CreateProductTest@41a2befb]" started-at="2025-10-28T15:48:29 IST" name="afterSuite" finished-at="2025-10-28T15:48:29 IST" duration-ms="1" status="PASS">
          <reporter-output>
            <line>
              <![CDATA[Disconnect DB]]>
            </line>
          </reporter-output>
        </test-method> <!-- afterSuite -->
      </class> <!-- testNG.CreateProductTest -->
    </test> <!-- Default test -->
  </suite> <!-- Default suite -->
</testng-results>
